2023-11-18 12:52:41,731 - [INFO] - mysql_service.py[14]: 采集MySQL数据的程序启动.....
2023-11-18 12:52:41,746 - [INFO] - mysql_util.py[28]: 构建完成到localhost:3306的数据库连接...
2023-11-18 12:52:41,748 - [INFO] - mysql_util.py[28]: 构建完成到localhost:3306的数据库连接...
2023-11-18 12:52:41,750 - [INFO] - mysql_util.py[28]: 构建完成到localhost:3306的数据库连接...
2023-11-18 12:53:43,428 - [INFO] - mysql_service.py[14]: 采集MySQL数据的程序启动.....
2023-11-18 12:53:43,437 - [INFO] - mysql_util.py[28]: 构建完成到localhost:3306的数据库连接...
2023-11-18 12:53:43,439 - [INFO] - mysql_util.py[28]: 构建完成到localhost:3306的数据库连接...
2023-11-18 12:53:43,441 - [INFO] - mysql_util.py[28]: 构建完成到localhost:3306的数据库连接...
2023-11-18 12:53:43,480 - [INFO] - mysql_util.py[48]: 执行查询的SQL语句完成，查询的结果有2条，执行的SQL语句是:show tables
2023-11-18 12:53:43,482 - [INFO] - mysql_util.py[48]: 执行查询的SQL语句完成，查询的结果有3条，执行的SQL语句是:show tables
2023-11-18 12:53:43,483 - [INFO] - mysql_util.py[118]: 数据库:retail中，表barcode已经存在，创建表的操作跳过。
2023-11-18 12:53:43,484 - [INFO] - mysql_util.py[48]: 执行查询的SQL语句完成，查询的结果有1条，执行的SQL语句是:show tables
2023-11-18 12:53:43,485 - [INFO] - mysql_util.py[48]: 执行查询的SQL语句完成，查询的结果有1条，执行的SQL语句是:show tables
2023-11-18 12:53:43,577 - [INFO] - mysql_util.py[116]: 在数据库: metadata中创建了表: barcode_monitor完成。建表语句是: CREATE TABLE barcode_monitor(id INT PRIMARY KEY AUTO_INCREMENT COMMENT '自增ID', time_record TIMESTAMP NOT NULL COMMENT '本次采集记录的最大时间', gather_line_count INT NULL COMMENT '本次采集条数')
2023-11-18 12:53:50,885 - [INFO] - mysql_util.py[48]: 执行查询的SQL语句完成，查询的结果有415000条，执行的SQL语句是:select * from sys_barcode order by updateAt
2023-11-18 12:57:58,479 - [INFO] - mysql_service.py[14]: 采集MySQL数据的程序启动.....
2023-11-18 12:57:58,487 - [INFO] - mysql_util.py[28]: 构建完成到localhost:3306的数据库连接...
2023-11-18 12:57:58,488 - [INFO] - mysql_util.py[28]: 构建完成到localhost:3306的数据库连接...
2023-11-18 12:57:58,489 - [INFO] - mysql_util.py[28]: 构建完成到localhost:3306的数据库连接...
2023-11-18 12:57:58,491 - [INFO] - mysql_util.py[48]: 执行查询的SQL语句完成，查询的结果有2条，执行的SQL语句是:show tables
2023-11-18 12:57:58,493 - [INFO] - mysql_util.py[48]: 执行查询的SQL语句完成，查询的结果有3条，执行的SQL语句是:show tables
2023-11-18 12:57:58,493 - [INFO] - mysql_util.py[118]: 数据库:retail中，表barcode已经存在，创建表的操作跳过。
2023-11-18 12:57:58,496 - [INFO] - mysql_util.py[48]: 执行查询的SQL语句完成，查询的结果有2条，执行的SQL语句是:show tables
2023-11-18 12:57:58,497 - [INFO] - mysql_util.py[48]: 执行查询的SQL语句完成，查询的结果有0条，执行的SQL语句是:select time_record from barcode_monitor order by time_record desc limit 1
2023-11-18 12:58:05,694 - [INFO] - mysql_util.py[48]: 执行查询的SQL语句完成，查询的结果有415000条，执行的SQL语句是:select * from sys_barcode order by updateAt
